<?xml version="1.0" encoding="UTF-8"?>
<!-- Generated by org.testng.reporters.JUnitXMLReporter -->
<testsuite ignored="0" hostname="DESKTOP-QKIFPPL" failures="0" tests="16" name="Surefire test" time="27.239" errors="0" timestamp="2024-05-24T20:24:55 IST">
  <testcase classname="api.test.DataDrivenTests" name="testPostUser" time="3.919"/>
  <testcase classname="api.test.DataDrivenTests" name="testPostUser" time="1.131"/>
  <testcase classname="api.test.DataDrivenTests" name="testPostUser" time="1.083"/>
  <testcase classname="api.test.DataDrivenTests" name="testPostUser" time="1.138"/>
  <testcase classname="api.test.DataDrivenTests" name="testPostUser" time="1.174"/>
  <testcase classname="api.test.DataDrivenTests" name="testPostUser" time="1.194"/>
  <testcase classname="api.test.DataDrivenTests" name="testDeleteUserByName" time="1.172"/>
  <testcase classname="api.test.DataDrivenTests" name="testDeleteUserByName" time="1.125"/>
  <testcase classname="api.test.DataDrivenTests" name="testDeleteUserByName" time="1.164"/>
  <testcase classname="api.test.DataDrivenTests" name="testDeleteUserByName" time="1.171"/>
  <testcase classname="api.test.DataDrivenTests" name="testDeleteUserByName" time="1.319"/>
  <testcase classname="api.test.DataDrivenTests" name="testDeleteUserByName" time="1.409"/>
  <testcase classname="api.test.UserTests" name="testPostUser" time="1.396"/>
  <testcase classname="api.test.UserTests" name="testGetUserByName" time="1.459"/>
  <testcase classname="api.test.UserTests" name="testUpdateUserByName" time="2.472"/>
  <testcase classname="api.test.UserTests" name="testDeleteUserByName" time="1.42"/>
</testsuite> <!-- Surefire test -->
