<?xml version="1.0" encoding="UTF-8"?>
<!-- Generated by org.testng.reporters.JUnitXMLReporter -->
<testsuite ignored="0" hostname="DESKTOP-QKIFPPL" failures="0" tests="16" name="Surefire test" time="30.439" errors="0" timestamp="2024-05-23T15:52:19 IST">
  <testcase classname="api.test.DataDrivenTests" name="testPostUser" time="4.102"/>
  <testcase classname="api.test.DataDrivenTests" name="testPostUser" time="1.546"/>
  <testcase classname="api.test.DataDrivenTests" name="testPostUser" time="1.279"/>
  <testcase classname="api.test.DataDrivenTests" name="testPostUser" time="1.275"/>
  <testcase classname="api.test.DataDrivenTests" name="testPostUser" time="1.232"/>
  <testcase classname="api.test.DataDrivenTests" name="testPostUser" time="1.528"/>
  <testcase classname="api.test.DataDrivenTests" name="testDeleteUserByName" time="1.376"/>
  <testcase classname="api.test.DataDrivenTests" name="testDeleteUserByName" time="1.434"/>
  <testcase classname="api.test.DataDrivenTests" name="testDeleteUserByName" time="1.533"/>
  <testcase classname="api.test.DataDrivenTests" name="testDeleteUserByName" time="1.536"/>
  <testcase classname="api.test.DataDrivenTests" name="testDeleteUserByName" time="1.433"/>
  <testcase classname="api.test.DataDrivenTests" name="testDeleteUserByName" time="1.533"/>
  <testcase classname="api.test.UserTests" name="testPostUser" time="1.366"/>
  <testcase classname="api.test.UserTests" name="testGetUserByName" time="1.31"/>
  <testcase classname="api.test.UserTests" name="testUpdateUserByName" time="3.068"/>
  <testcase classname="api.test.UserTests" name="testDeleteUserByName" time="1.338"/>
</testsuite> <!-- Surefire test -->
