<?xml version="1.0" encoding="UTF-8"?>
<!-- Generated by org.testng.reporters.JUnitXMLReporter -->
<testsuite ignored="0" hostname="DESKTOP-QKIFPPL" failures="0" tests="4" name="Default test" time="8.448" errors="0" timestamp="2024-06-05T13:44:15 IST">
  <testcase classname="api.test.PetTests" name="testPostPetById" time="3.7"/>
  <testcase classname="api.test.PetTests" name="testGetPetById" time="1.131"/>
  <testcase classname="api.test.PetTests" name="testUpdatePetById" time="2.207"/>
  <testcase classname="api.test.PetTests" name="testDeletePetById" time="1.123"/>
</testsuite> <!-- Default test -->
