<?xml version="1.0" encoding="UTF-8"?>
<testng-results ignored="0" total="4" passed="4" failed="0" skipped="0">
  <reporter-output>
  </reporter-output>
  <suite started-at="2024-06-05T13:44:06 IST" name="Default suite" finished-at="2024-06-05T13:44:15 IST" duration-ms="8448">
    <groups>
    </groups>
    <test started-at="2024-06-05T13:44:06 IST" name="Default test" finished-at="2024-06-05T13:44:15 IST" duration-ms="8448">
      <class name="api.test.PetTests">
        <test-method is-config="true" signature="setUp()[pri:0, instance:api.test.PetTests@397fbdb]" started-at="2024-06-05T13:44:06 IST" name="setUp" finished-at="2024-06-05T13:44:06 IST" duration-ms="221" status="PASS">
          <reporter-output>
          </reporter-output>
        </test-method> <!-- setUp -->
        <test-method signature="testPostPetById()[pri:1, instance:api.test.PetTests@397fbdb]" started-at="2024-06-05T13:44:06 IST" name="testPostPetById" finished-at="2024-06-05T13:44:10 IST" duration-ms="3700" status="PASS">
          <reporter-output>
          </reporter-output>
        </test-method> <!-- testPostPetById -->
        <test-method signature="testGetPetById()[pri:2, instance:api.test.PetTests@397fbdb]" started-at="2024-06-05T13:44:10 IST" name="testGetPetById" finished-at="2024-06-05T13:44:11 IST" duration-ms="1131" status="PASS">
          <reporter-output>
          </reporter-output>
        </test-method> <!-- testGetPetById -->
        <test-method signature="testUpdatePetById()[pri:3, instance:api.test.PetTests@397fbdb]" started-at="2024-06-05T13:44:11 IST" name="testUpdatePetById" finished-at="2024-06-05T13:44:13 IST" duration-ms="2207" status="PASS">
          <reporter-output>
          </reporter-output>
        </test-method> <!-- testUpdatePetById -->
        <test-method signature="testDeletePetById()[pri:4, instance:api.test.PetTests@397fbdb]" started-at="2024-06-05T13:44:13 IST" name="testDeletePetById" finished-at="2024-06-05T13:44:15 IST" duration-ms="1123" status="PASS">
          <reporter-output>
          </reporter-output>
        </test-method> <!-- testDeletePetById -->
      </class> <!-- api.test.PetTests -->
    </test> <!-- Default test -->
  </suite> <!-- Default suite -->
</testng-results>
