<?xml version="1.0" encoding="UTF-8"?>
<testng-results ignored="0" total="8" passed="8" failed="0" skipped="0">
  <reporter-output>
  </reporter-output>
  <suite started-at="2024-05-21T21:35:58 IST" name="PetSuite" finished-at="2024-05-21T21:36:16 IST" duration-ms="17879">
    <groups>
    </groups>
    <test started-at="2024-05-21T21:35:58 IST" name="PetTest" finished-at="2024-05-21T21:36:16 IST" duration-ms="17879">
      <class name="api.test.UserTests2">
        <test-method is-config="true" signature="setUp()[pri:0, instance:api.test.UserTests2@5e0e82ae]" started-at="2024-05-21T21:36:08 IST" name="setUp" finished-at="2024-05-21T21:36:08 IST" duration-ms="85" status="PASS">
          <reporter-output>
          </reporter-output>
        </test-method> <!-- setUp -->
        <test-method signature="testPostUser()[pri:1, instance:api.test.UserTests2@5e0e82ae]" started-at="2024-05-21T21:36:08 IST" name="testPostUser" finished-at="2024-05-21T21:36:10 IST" duration-ms="1548" status="PASS">
          <reporter-output>
          </reporter-output>
        </test-method> <!-- testPostUser -->
        <test-method signature="testGetUserByName()[pri:2, instance:api.test.UserTests2@5e0e82ae]" started-at="2024-05-21T21:36:10 IST" name="testGetUserByName" finished-at="2024-05-21T21:36:12 IST" duration-ms="1527" status="PASS">
          <reporter-output>
          </reporter-output>
        </test-method> <!-- testGetUserByName -->
        <test-method signature="testUpdateUserByName()[pri:3, instance:api.test.UserTests2@5e0e82ae]" started-at="2024-05-21T21:36:12 IST" name="testUpdateUserByName" finished-at="2024-05-21T21:36:15 IST" duration-ms="3063" status="PASS">
          <reporter-output>
          </reporter-output>
        </test-method> <!-- testUpdateUserByName -->
        <test-method signature="testDeleteUserByName()[pri:4, instance:api.test.UserTests2@5e0e82ae]" started-at="2024-05-21T21:36:15 IST" name="testDeleteUserByName" finished-at="2024-05-21T21:36:16 IST" duration-ms="1520" status="PASS">
          <reporter-output>
          </reporter-output>
        </test-method> <!-- testDeleteUserByName -->
      </class> <!-- api.test.UserTests2 -->
      <class name="api.test.UserTests">
        <test-method is-config="true" signature="setUp()[pri:0, instance:api.test.UserTests@515c6049]" started-at="2024-05-21T21:35:59 IST" name="setUp" finished-at="2024-05-21T21:35:59 IST" duration-ms="243" status="PASS">
          <reporter-output>
          </reporter-output>
        </test-method> <!-- setUp -->
        <test-method signature="testPostUser()[pri:1, instance:api.test.UserTests@515c6049]" started-at="2024-05-21T21:35:59 IST" name="testPostUser" finished-at="2024-05-21T21:36:03 IST" duration-ms="3811" status="PASS">
          <reporter-output>
          </reporter-output>
        </test-method> <!-- testPostUser -->
        <test-method signature="testGetUserByName()[pri:2, instance:api.test.UserTests@515c6049]" started-at="2024-05-21T21:36:03 IST" name="testGetUserByName" finished-at="2024-05-21T21:36:04 IST" duration-ms="1297" status="PASS">
          <reporter-output>
          </reporter-output>
        </test-method> <!-- testGetUserByName -->
        <test-method signature="testUpdateUserByName()[pri:3, instance:api.test.UserTests@515c6049]" started-at="2024-05-21T21:36:04 IST" name="testUpdateUserByName" finished-at="2024-05-21T21:36:07 IST" duration-ms="2779" status="PASS">
          <reporter-output>
          </reporter-output>
        </test-method> <!-- testUpdateUserByName -->
        <test-method signature="testDeleteUserByName()[pri:4, instance:api.test.UserTests@515c6049]" started-at="2024-05-21T21:36:07 IST" name="testDeleteUserByName" finished-at="2024-05-21T21:36:08 IST" duration-ms="1504" status="PASS">
          <reporter-output>
          </reporter-output>
        </test-method> <!-- testDeleteUserByName -->
      </class> <!-- api.test.UserTests -->
    </test> <!-- PetTest -->
  </suite> <!-- PetSuite -->
</testng-results>
