<?xml version="1.0" encoding="UTF-8"?>
<!-- Generated by org.testng.reporters.JUnitXMLReporter -->
<testsuite ignored="0" hostname="DESKTOP-QKIFPPL" failures="0" tests="8" name="PetTest" time="17.879" errors="0" timestamp="2024-05-21T21:36:16 IST">
  <testcase classname="api.test.UserTests" name="testPostUser" time="3.811"/>
  <testcase classname="api.test.UserTests" name="testGetUserByName" time="1.297"/>
  <testcase classname="api.test.UserTests" name="testUpdateUserByName" time="2.779"/>
  <testcase classname="api.test.UserTests" name="testDeleteUserByName" time="1.504"/>
  <testcase classname="api.test.UserTests2" name="testPostUser" time="1.548"/>
  <testcase classname="api.test.UserTests2" name="testGetUserByName" time="1.527"/>
  <testcase classname="api.test.UserTests2" name="testUpdateUserByName" time="3.063"/>
  <testcase classname="api.test.UserTests2" name="testDeleteUserByName" time="1.52"/>
</testsuite> <!-- PetTest -->
